<?xml version="1.0" encoding="UTF-8"?>
<testsuites name="demo" time="16.919" tests="1" failures="0" errors="0">
   <testsuite name="demo" tests="1" failures="0" errors="0" time="16.919" skipped="0" timestamp="18-12-2024T15:30:38" hostname="SomnathPramanik - LINKOLAUG23-281" id="Test Suites/demo">
      <properties>
         <property name="deviceName" value=""/>
         <property name="devicePlatform"/>
         <property name="logFolder" value="C:\\Users\\SomnathPramanik\\git\\Demokatalon\\Reports\\20241218_153034\\demo\\20241218_153035"/>
         <property name="logFiles" value="C:\\Users\\SomnathPramanik\\git\\Demokatalon\\Reports\\20241218_153034\\demo\\20241218_153035\\execution0.log"/>
         <property name="attachments" value=""/>
         <property name="hostName" value="SomnathPramanik - LINKOLAUG23-281"/>
         <property name="os" value="Windows 11 64bit"/>
         <property name="katalonVersion" value="10.0.0.223"/>
         <property name="browser" value="Chrome 131.0.0.0"/>
         <property name="hostAddress" value="192.168.68.124"/>
         <property name="sessionId" value="a8f2a347bc496020c9ecac2ec6b4fba5"/>
         <property name="seleniumVersion" value="4.22.0"/>
         <property name="proxyInformation" value="ProxyInformation { proxyOption=NO_PROXY, proxyServerType=HTTP, username=, password=********, proxyServerAddress=, proxyServerPort=0, executionList=&quot;&quot;, isApplyToDesiredCapabilities=true }"/>
         <property name="platform" value="Windows 11"/>
      </properties>
      <testcase name="Test Cases/demo_automation" time="16.727" classname="Test Cases/demo_automation" status="PASSED">
         <system-out><![CDATA[18-12-2024T15:30:38 - [TEST_CASE][PASSED] - Test Cases/demo_automation: Test Cases/demo_automation

18-12-2024T15:30:38 - [TEST_STEP][PASSED] - openBrowser(""): Browser is opened with url: ''

18-12-2024T15:30:39 - [MESSAGE][INFO] - Starting 'Chrome' driver

18-12-2024T15:30:39 - [MESSAGE][INFO] - Action delay is set to 0 milliseconds

18-12-2024T15:30:41 - [MESSAGE][PASSED] - Browser is opened with url: ''

18-12-2024T15:30:41 - [TEST_STEP][PASSED] - navigateToUrl("https://www.saucedemo.com/"): Navigate to 'https://www.saucedemo.com/' successfully

18-12-2024T15:30:42 - [MESSAGE][PASSED] - Navigate to 'https://www.saucedemo.com/' successfully

18-12-2024T15:30:42 - [TEST_STEP][PASSED] - click(findTestObject("Object Repository/Page_Swag Labs/input_Swag Labs_user-name")): Object: 'Object Repository/Page_Swag Labs/input_Swag Labs_user-name' is clicked on

18-12-2024T15:30:43 - [MESSAGE][PASSED] - Object: 'Object Repository/Page_Swag Labs/input_Swag Labs_user-name' is clicked on

18-12-2024T15:30:43 - [TEST_STEP][PASSED] - setText(findTestObject("Object Repository/Page_Swag Labs/input_Swag Labs_user-name"), "standard_user"): Text 'standard_user' is set on object 'Object Repository/Page_Swag Labs/input_Swag Labs_user-name'

18-12-2024T15:30:44 - [MESSAGE][PASSED] - Text 'standard_user' is set on object 'Object Repository/Page_Swag Labs/input_Swag Labs_user-name'

18-12-2024T15:30:44 - [TEST_STEP][PASSED] - click(findTestObject("Object Repository/Page_Swag Labs/div_Swag Labs_error-message-container")): Object: 'Object Repository/Page_Swag Labs/div_Swag Labs_error-message-container' is clicked on

18-12-2024T15:30:44 - [MESSAGE][PASSED] - Object: 'Object Repository/Page_Swag Labs/div_Swag Labs_error-message-container' is clicked on

18-12-2024T15:30:44 - [TEST_STEP][PASSED] - click(findTestObject("Object Repository/Page_Swag Labs/div_Swag Labs_error-message-container")): Object: 'Object Repository/Page_Swag Labs/div_Swag Labs_error-message-container' is clicked on

18-12-2024T15:30:44 - [MESSAGE][PASSED] - Object: 'Object Repository/Page_Swag Labs/div_Swag Labs_error-message-container' is clicked on

18-12-2024T15:30:44 - [TEST_STEP][PASSED] - click(findTestObject("Object Repository/Page_Swag Labs/div_Swag Labs_error-message-container")): Object: 'Object Repository/Page_Swag Labs/div_Swag Labs_error-message-container' is clicked on

18-12-2024T15:30:44 - [MESSAGE][PASSED] - Object: 'Object Repository/Page_Swag Labs/div_Swag Labs_error-message-container' is clicked on

18-12-2024T15:30:44 - [TEST_STEP][PASSED] - click(findTestObject("Object Repository/Page_Swag Labs/body_You need to enable JavaScript to run t_37d0d7")): Object: 'Object Repository/Page_Swag Labs/body_You need to enable JavaScript to run t_37d0d7' is clicked on

18-12-2024T15:30:45 - [MESSAGE][PASSED] - Object: 'Object Repository/Page_Swag Labs/body_You need to enable JavaScript to run t_37d0d7' is clicked on

18-12-2024T15:30:45 - [TEST_STEP][PASSED] - setEncryptedText(findTestObject("Object Repository/Page_Swag Labs/input_Swag Labs_password"), "qcu24s4901FyWDTwXGr6XA=="): Text ****** has been set on object 'Object Repository/Page_Swag Labs/input_Swag Labs_password'

18-12-2024T15:30:45 - [MESSAGE][PASSED] - Text ****** has been set on object 'Object Repository/Page_Swag Labs/input_Swag Labs_password'

18-12-2024T15:30:45 - [TEST_STEP][PASSED] - click(findTestObject("Object Repository/Page_Swag Labs/input_Swag Labs_login-button")): Object: 'Object Repository/Page_Swag Labs/input_Swag Labs_login-button' is clicked on

18-12-2024T15:30:45 - [MESSAGE][PASSED] - Object: 'Object Repository/Page_Swag Labs/input_Swag Labs_login-button' is clicked on

18-12-2024T15:30:45 - [TEST_STEP][PASSED] - click(findTestObject("Object Repository/Page_Swag Labs/button_Add to cart")): Object: 'Object Repository/Page_Swag Labs/button_Add to cart' is clicked on

18-12-2024T15:30:46 - [MESSAGE][PASSED] - Object: 'Object Repository/Page_Swag Labs/button_Add to cart' is clicked on

18-12-2024T15:30:46 - [TEST_STEP][PASSED] - click(findTestObject("Object Repository/Page_Swag Labs/button_Add to cart_1")): Object: 'Object Repository/Page_Swag Labs/button_Add to cart_1' is clicked on

18-12-2024T15:30:46 - [MESSAGE][PASSED] - Object: 'Object Repository/Page_Swag Labs/button_Add to cart_1' is clicked on

18-12-2024T15:30:46 - [TEST_STEP][PASSED] - click(findTestObject("Object Repository/Page_Swag Labs/span_2")): Object: 'Object Repository/Page_Swag Labs/span_2' is clicked on

18-12-2024T15:30:47 - [MESSAGE][PASSED] - Object: 'Object Repository/Page_Swag Labs/span_2' is clicked on

18-12-2024T15:30:47 - [TEST_STEP][PASSED] - click(findTestObject("Object Repository/Page_Swag Labs/button_Remove")): Object: 'Object Repository/Page_Swag Labs/button_Remove' is clicked on

18-12-2024T15:30:47 - [MESSAGE][PASSED] - Object: 'Object Repository/Page_Swag Labs/button_Remove' is clicked on

18-12-2024T15:30:47 - [TEST_STEP][PASSED] - click(findTestObject("Object Repository/Page_Swag Labs/button_Checkout")): Object: 'Object Repository/Page_Swag Labs/button_Checkout' is clicked on

18-12-2024T15:30:48 - [MESSAGE][PASSED] - Object: 'Object Repository/Page_Swag Labs/button_Checkout' is clicked on

18-12-2024T15:30:48 - [TEST_STEP][PASSED] - setText(findTestObject("Object Repository/Page_Swag Labs/input_Checkout Your Information_firstName"), "som"): Text 'som' is set on object 'Object Repository/Page_Swag Labs/input_Checkout Your Information_firstName'

18-12-2024T15:30:48 - [MESSAGE][PASSED] - Text 'som' is set on object 'Object Repository/Page_Swag Labs/input_Checkout Your Information_firstName'

18-12-2024T15:30:48 - [TEST_STEP][PASSED] - setText(findTestObject("Object Repository/Page_Swag Labs/input_Checkout Your Information_lastName"), "sd"): Text 'sd' is set on object 'Object Repository/Page_Swag Labs/input_Checkout Your Information_lastName'

18-12-2024T15:30:49 - [MESSAGE][PASSED] - Text 'sd' is set on object 'Object Repository/Page_Swag Labs/input_Checkout Your Information_lastName'

18-12-2024T15:30:49 - [TEST_STEP][PASSED] - setText(findTestObject("Object Repository/Page_Swag Labs/input_Checkout Your Information_postalCode"), "ewe3"): Text 'ewe3' is set on object 'Object Repository/Page_Swag Labs/input_Checkout Your Information_postalCode'

18-12-2024T15:30:50 - [MESSAGE][PASSED] - Text 'ewe3' is set on object 'Object Repository/Page_Swag Labs/input_Checkout Your Information_postalCode'

18-12-2024T15:30:50 - [TEST_STEP][PASSED] - click(findTestObject("Object Repository/Page_Swag Labs/div_Checkout Your Information_checkout_info")): Object: 'Object Repository/Page_Swag Labs/div_Checkout Your Information_checkout_info' is clicked on

18-12-2024T15:30:50 - [MESSAGE][PASSED] - Object: 'Object Repository/Page_Swag Labs/div_Checkout Your Information_checkout_info' is clicked on

18-12-2024T15:30:50 - [TEST_STEP][PASSED] - setText(findTestObject("Object Repository/Page_Swag Labs/input_Checkout Your Information_postalCode"), "4434"): Text '4434' is set on object 'Object Repository/Page_Swag Labs/input_Checkout Your Information_postalCode'

18-12-2024T15:30:51 - [MESSAGE][PASSED] - Text '4434' is set on object 'Object Repository/Page_Swag Labs/input_Checkout Your Information_postalCode'

18-12-2024T15:30:51 - [TEST_STEP][PASSED] - click(findTestObject("Object Repository/Page_Swag Labs/input_Cancel_continue")): Object: 'Object Repository/Page_Swag Labs/input_Cancel_continue' is clicked on

18-12-2024T15:30:52 - [MESSAGE][PASSED] - Object: 'Object Repository/Page_Swag Labs/input_Cancel_continue' is clicked on

18-12-2024T15:30:52 - [TEST_STEP][PASSED] - click(findTestObject("Object Repository/Page_Swag Labs/button_Finish")): Object: 'Object Repository/Page_Swag Labs/button_Finish' is clicked on

18-12-2024T15:30:52 - [MESSAGE][PASSED] - Object: 'Object Repository/Page_Swag Labs/button_Finish' is clicked on

18-12-2024T15:30:52 - [TEST_STEP][PASSED] - click(findTestObject("Object Repository/Page_Swag Labs/button_Back Home")): Object: 'Object Repository/Page_Swag Labs/button_Back Home' is clicked on

18-12-2024T15:30:52 - [MESSAGE][PASSED] - Object: 'Object Repository/Page_Swag Labs/button_Back Home' is clicked on

18-12-2024T15:30:52 - [TEST_STEP][PASSED] - click(findTestObject("Object Repository/Page_Swag Labs/button_Open Menu")): Object: 'Object Repository/Page_Swag Labs/button_Open Menu' is clicked on

18-12-2024T15:30:53 - [MESSAGE][PASSED] - Object: 'Object Repository/Page_Swag Labs/button_Open Menu' is clicked on

18-12-2024T15:30:53 - [TEST_STEP][PASSED] - click(findTestObject("Object Repository/Page_Swag Labs/a_Logout")): Object: 'Object Repository/Page_Swag Labs/a_Logout' is clicked on

18-12-2024T15:30:55 - [MESSAGE][PASSED] - Object: 'Object Repository/Page_Swag Labs/a_Logout' is clicked on

18-12-2024T15:30:55 - [TEST_STEP][PASSED] - closeBrowser(): Browser is closed

18-12-2024T15:30:55 - [MESSAGE][PASSED] - Browser is closed]]></system-out>
         <system-err><![CDATA[]]></system-err>
      </testcase>
      <system-out><![CDATA[18-12-2024T15:30:38 - [TEST_SUITE][PASSED] - demo: Test Cases/demo_automation]]></system-out>
      <system-err><![CDATA[]]></system-err>
   </testsuite>
</testsuites>
